<?xml version="1.0" encoding="UTF-8"?>
<testng-results skipped="0" failed="0" ignored="0" total="3" passed="3">
  <reporter-output>
  </reporter-output>
  <suite name="Default suite" duration-ms="244952" started-at="2019-03-07T10:38:57Z" finished-at="2019-03-07T10:43:02Z">
    <groups>
    </groups>
    <test name="Default test" duration-ms="244952" started-at="2019-03-07T10:38:57Z" finished-at="2019-03-07T10:43:02Z">
      <class name="testngproject.TestGuru99MultipleSession">
        <test-method status="PASS" signature="executSessionOne()[pri:0, instance:testngproject.TestGuru99MultipleSession@36d4b5c]" name="executSessionOne" duration-ms="145909" started-at="2019-03-07T10:38:57Z" finished-at="2019-03-07T10:41:23Z">
          <reporter-output>
          </reporter-output>
        </test-method> <!-- executSessionOne -->
        <test-method status="PASS" signature="executSessionThree()[pri:0, instance:testngproject.TestGuru99MultipleSession@36d4b5c]" name="executSessionThree" duration-ms="54652" started-at="2019-03-07T10:41:23Z" finished-at="2019-03-07T10:42:17Z">
          <reporter-output>
          </reporter-output>
        </test-method> <!-- executSessionThree -->
        <test-method status="PASS" signature="executeSessionTwo()[pri:0, instance:testngproject.TestGuru99MultipleSession@36d4b5c]" name="executeSessionTwo" duration-ms="44342" started-at="2019-03-07T10:42:17Z" finished-at="2019-03-07T10:43:02Z">
          <reporter-output>
          </reporter-output>
        </test-method> <!-- executeSessionTwo -->
      </class> <!-- testngproject.TestGuru99MultipleSession -->
    </test> <!-- Default test -->
  </suite> <!-- Default suite -->
</testng-results>
