<?xml version="1.0" encoding="UTF-8"?>
<!-- Generated by org.testng.reporters.JUnitXMLReporter -->
<testsuite hostname="DESKTOP-G62NTU6" ignored="0" name="Default test" tests="3" failures="0" timestamp="07 Mar 2019 10:43:05 GMT" time="244.952" errors="0">
  <testcase name="executSessionOne" time="145.909" classname="testngproject.TestGuru99MultipleSession"/>
  <testcase name="executSessionThree" time="54.652" classname="testngproject.TestGuru99MultipleSession"/>
  <testcase name="executeSessionTwo" time="44.342" classname="testngproject.TestGuru99MultipleSession"/>
</testsuite> <!-- Default test -->
